C:\Users\User\Desktop\DemoModule\Release\cl.command.1.tlog
C:\Users\User\Desktop\DemoModule\Release\CL.read.1.tlog
C:\Users\User\Desktop\DemoModule\Release\CL.write.1.tlog
C:\USERS\USER\DESKTOP\DEMOMODULE\RELEASE\DEMOMODULE.OBJ
C:\USERS\USER\DESKTOP\DEMOMODULE\RELEASE\DEMOMODULE.RES
C:\USERS\USER\DESKTOP\DEMOMODULE\RELEASE\DEMOMODULEDLG.OBJ
C:\USERS\USER\DESKTOP\DEMOMODULE\RELEASE\DEMOMODULEDLL.OBJ
C:\USERS\USER\DESKTOP\DEMOMODULE\RELEASE\DEMOMODULEMODULE.OBJ
C:\Users\User\Desktop\DemoModule\Release\link.command.1.tlog
C:\Users\User\Desktop\DemoModule\Release\link.read.1.tlog
C:\Users\User\Desktop\DemoModule\Release\link.write.1.tlog
C:\Users\User\Desktop\DemoModule\Release\link-cvtres.read.1.tlog
C:\Users\User\Desktop\DemoModule\Release\link-cvtres.write.1.tlog
C:\Users\User\Desktop\DemoModule\Release\mt.command.1.tlog
C:\Users\User\Desktop\DemoModule\Release\mt.read.1.tlog
C:\Users\User\Desktop\DemoModule\Release\mt.write.1.tlog
C:\Users\User\Desktop\DemoModule\Release\rc.command.1.tlog
C:\Users\User\Desktop\DemoModule\Release\rc.read.1.tlog
C:\Users\User\Desktop\DemoModule\Release\rc.write.1.tlog
C:\USERS\USER\DESKTOP\DEMOMODULE\RELEASE\STDAFX.OBJ
C:\USERS\USER\DESKTOP\DEMOMODULE\RELEASE\TRYMODULE.DLL
C:\USERS\USER\DESKTOP\DEMOMODULE\RELEASE\TRYMODULE.DLL.INTERMEDIATE.MANIFEST
C:\Users\User\Desktop\DemoModule\Release\TryModule.exp
C:\Users\User\Desktop\DemoModule\Release\TryModule.lib
C:\USERS\USER\DESKTOP\DEMOMODULE\RELEASE\TRYMODULE.PDB
C:\Users\User\Desktop\DemoModule\Release\TryModule.write.1.tlog
C:\USERS\USER\DESKTOP\DEMOMODULE\RELEASE\VC100.PDB
Release\TryModule.pdb
