Build started 1/22/2020 4:22:55 PM.
     1>Project "C:\Users\reichlab\Desktop\NI script\Vout and Vin _synchronized2 -DF\SampleDemoModule.vcxproj" on node 2 (build target(s)).
     1>InitializeBuildStatus:
         Creating "Release64\VoltageoutNin_synced_DF.unsuccessfulbuild" because "AlwaysCreate" was specified.
       ClCompile:
         C:\Program Files (x86)\Microsoft Visual Studio 10.0\VC\bin\x86_amd64\CL.exe /c /I"C:\Program Files (x86)\National Instruments\Shared\ExternalCompilerSupport\C\include" /I"C:\Program Files\Norpix\ModuleSDK - StreamPix5\StreampixAPI" /Zi /nologo /W3 /WX- /O2 /GL /D WIN32 /D _WIN64 /D _WINDOWS /D NDEBUG /D _AFXEXT /D _UNICODE /D UNICODE /D _WINDLL /D _UNICODE /D UNICODE /D _AFXDLL /Gm- /EHsc /MD /GS /fp:precise /Zc:wchar_t- /Zc:forScope /Fo"Release64\\" /Fd"Release64\vc100.pdb" /Gd /TP /errorReport:prompt DemoModuleDLL.cpp DemoModuleModule.cpp
         DemoModuleDLL.cpp
         DemoModuleModule.cpp
     1>DemoModuleModule.cpp(196): warning C4996: 'sprintf': This function or variable may be unsafe. Consider using sprintf_s instead. To disable deprecation, use _CRT_SECURE_NO_WARNINGS. See online help for details.
                 C:\Program Files (x86)\Microsoft Visual Studio 10.0\VC\include\stdio.h(371) : see declaration of 'sprintf'
     1>DemoModuleModule.cpp(203): warning C4996: 'fopen': This function or variable may be unsafe. Consider using fopen_s instead. To disable deprecation, use _CRT_SECURE_NO_WARNINGS. See online help for details.
                 C:\Program Files (x86)\Microsoft Visual Studio 10.0\VC\include\stdio.h(234) : see declaration of 'fopen'
       ResourceCompile:
         All outputs are up-to-date.
       Link:
         C:\Program Files (x86)\Microsoft Visual Studio 10.0\VC\bin\x86_amd64\link.exe /ERRORREPORT:PROMPT /OUT:"Release64\VoltageoutNin_synced_DF.dll" /INCREMENTAL:NO /NOLOGO /LIBPATH:"C:\Program Files (x86)\National Instruments\Shared\ExternalCompilerSupport\C\lib64\msvc" /LIBPATH:"C:\Program Files\Norpix\ModuleSDK - StreamPix5\StreampixAPI\Release64" /LIBPATH:"C:\Program Files\Norpix\Hermes\Release_Unicode64" HermesAPIu.lib StreampixAPI.lib nidaqmx.lib /DEF:".\DemoModule.def" /MANIFEST /ManifestFile:"Release64\VoltageoutNin_synced_DF.dll.intermediate.manifest" /MANIFESTUAC:"level='asInvoker' uiAccess='false'" /DEBUG /PDB:"C:\Users\reichlab\Desktop\NI script\Vout and Vin _synchronized2 -DF\Release64\VoltageoutNin_synced_DF.pdb" /SUBSYSTEM:WINDOWS /OPT:REF /OPT:ICF /LTCG /TLBID:1 /DYNAMICBASE:NO /IMPLIB:"Release64\VoltageoutNin_synced_DF.lib" /MACHINE:X64 /DLL Release64\DemoModule.res
         Release64\DemoModule.obj
         Release64\DemoModuleDlg.obj
         Release64\DemoModuleDLL.obj
         Release64\DemoModuleModule.obj
         Release64\StdAfx.obj
            Creating library Release64\VoltageoutNin_synced_DF.lib and object Release64\VoltageoutNin_synced_DF.exp
     1>VoltageoutNin_synced_DF.exp : warning LNK4070: /OUT:DemoModule.dll directive in .EXP differs from output filename 'Release64\VoltageoutNin_synced_DF.dll'; ignoring directive
         Generating code
         Finished generating code
     1>VoltageoutNin_synced_DF.exp : warning LNK4070: /OUT:DemoModule.dll directive in .EXP differs from output filename 'Release64\VoltageoutNin_synced_DF.dll'; ignoring directive
     1>StreampixAPI.lib(DockedDlg.obj) : warning LNK4204: 'C:\Users\reichlab\Desktop\NI script\Vout and Vin _synchronized2 -DF\Release64\vc100.pdb' is missing debugging information for referencing module; linking object as if no debug info
     1>StreampixAPI.lib(ScriptEvent.obj) : warning LNK4204: 'C:\Users\reichlab\Desktop\NI script\Vout and Vin _synchronized2 -DF\Release64\vc100.pdb' is missing debugging information for referencing module; linking object as if no debug info
     1>StreampixAPI.lib(CommandParam.obj) : warning LNK4204: 'C:\Users\reichlab\Desktop\NI script\Vout and Vin _synchronized2 -DF\Release64\vc100.pdb' is missing debugging information for referencing module; linking object as if no debug info
     1>StreampixAPI.lib(ParamInfo.obj) : warning LNK4204: 'C:\Users\reichlab\Desktop\NI script\Vout and Vin _synchronized2 -DF\Release64\vc100.pdb' is missing debugging information for referencing module; linking object as if no debug info
     1>StreampixAPI.lib(ScriptCommand.obj) : warning LNK4204: 'C:\Users\reichlab\Desktop\NI script\Vout and Vin _synchronized2 -DF\Release64\vc100.pdb' is missing debugging information for referencing module; linking object as if no debug info
     1>StreampixAPI.lib(ScriptCommandInfo.obj) : warning LNK4204: 'C:\Users\reichlab\Desktop\NI script\Vout and Vin _synchronized2 -DF\Release64\vc100.pdb' is missing debugging information for referencing module; linking object as if no debug info
     1>StreampixAPI.lib(ScriptVariable.obj) : warning LNK4204: 'C:\Users\reichlab\Desktop\NI script\Vout and Vin _synchronized2 -DF\Release64\vc100.pdb' is missing debugging information for referencing module; linking object as if no debug info
     1>StreampixAPI.lib(VarBool.obj) : warning LNK4204: 'C:\Users\reichlab\Desktop\NI script\Vout and Vin _synchronized2 -DF\Release64\vc100.pdb' is missing debugging information for referencing module; linking object as if no debug info
     1>StreampixAPI.lib(VarUINT.obj) : warning LNK4204: 'C:\Users\reichlab\Desktop\NI script\Vout and Vin _synchronized2 -DF\Release64\vc100.pdb' is missing debugging information for referencing module; linking object as if no debug info
     1>StreampixAPI.lib(SetupManager.obj) : warning LNK4204: 'C:\Users\reichlab\Desktop\NI script\Vout and Vin _synchronized2 -DF\Release64\vc100.pdb' is missing debugging information for referencing module; linking object as if no debug info
     1>StreampixAPI.lib(Module.obj) : warning LNK4204: 'C:\Users\reichlab\Desktop\NI script\Vout and Vin _synchronized2 -DF\Release64\vc100.pdb' is missing debugging information for referencing module; linking object as if no debug info
     1>StreampixAPI.lib(ModuleDLL.obj) : warning LNK4204: 'C:\Users\reichlab\Desktop\NI script\Vout and Vin _synchronized2 -DF\Release64\vc100.pdb' is missing debugging information for referencing module; linking object as if no debug info
     1>StreampixAPI.lib(PlaybackSynchData.obj) : warning LNK4204: 'C:\Users\reichlab\Desktop\NI script\Vout and Vin _synchronized2 -DF\Release64\vc100.pdb' is missing debugging information for referencing module; linking object as if no debug info
         SampleDemoModule.vcxproj -> C:\Users\reichlab\Desktop\NI script\Vout and Vin _synchronized2 -DF\Release64\VoltageoutNin_synced_DF.dll
       Manifest:
         C:\Program Files (x86)\Microsoft SDKs\Windows\v7.0A\bin\mt.exe /nologo /verbose /outputresource:"Release64\VoltageoutNin_synced_DF.dll;#2" /manifest Release64\VoltageoutNin_synced_DF.dll.intermediate.manifest "C:\Program Files (x86)\Microsoft Visual Studio 10.0\VC\Include\Manifest\dpiaware.manifest"
       FinalizeBuildStatus:
         Deleting file "Release64\VoltageoutNin_synced_DF.unsuccessfulbuild".
         Touching "Release64\VoltageoutNin_synced_DF.lastbuildstate".
     1>Done Building Project "C:\Users\reichlab\Desktop\NI script\Vout and Vin _synchronized2 -DF\SampleDemoModule.vcxproj" (build target(s)).

Build succeeded.

Time Elapsed 00:00:05.21
