C:\Users\User\Desktop\DemoModule\Release64\cl.command.1.tlog
C:\Users\User\Desktop\DemoModule\Release64\CL.read.1.tlog
C:\Users\User\Desktop\DemoModule\Release64\CL.write.1.tlog
C:\USERS\USER\DESKTOP\DEMOMODULE\RELEASE64\DEMOMODULE.OBJ
C:\USERS\USER\DESKTOP\DEMOMODULE\RELEASE64\DEMOMODULE.RES
C:\USERS\USER\DESKTOP\DEMOMODULE\RELEASE64\DEMOMODULEDLG.OBJ
C:\USERS\USER\DESKTOP\DEMOMODULE\RELEASE64\DEMOMODULEDLL.OBJ
C:\USERS\USER\DESKTOP\DEMOMODULE\RELEASE64\DEMOMODULEMODULE.OBJ
C:\Users\User\Desktop\DemoModule\Release64\link.command.1.tlog
C:\Users\User\Desktop\DemoModule\Release64\link.read.1.tlog
C:\Users\User\Desktop\DemoModule\Release64\link.write.1.tlog
C:\Users\User\Desktop\DemoModule\Release64\link-cvtres.read.1.tlog
C:\Users\User\Desktop\DemoModule\Release64\link-cvtres.write.1.tlog
C:\Users\User\Desktop\DemoModule\Release64\mt.command.1.tlog
C:\Users\User\Desktop\DemoModule\Release64\mt.read.1.tlog
C:\Users\User\Desktop\DemoModule\Release64\mt.write.1.tlog
C:\Users\User\Desktop\DemoModule\Release64\rc.command.1.tlog
C:\Users\User\Desktop\DemoModule\Release64\rc.read.1.tlog
C:\Users\User\Desktop\DemoModule\Release64\rc.write.1.tlog
C:\USERS\USER\DESKTOP\DEMOMODULE\RELEASE64\STDAFX.OBJ
C:\USERS\USER\DESKTOP\DEMOMODULE\RELEASE64\TRYMODULE.DLL
C:\USERS\USER\DESKTOP\DEMOMODULE\RELEASE64\TRYMODULE.DLL.INTERMEDIATE.MANIFEST
C:\Users\User\Desktop\DemoModule\Release64\TryModule.exp
C:\Users\User\Desktop\DemoModule\Release64\TryModule.lib
C:\USERS\USER\DESKTOP\DEMOMODULE\RELEASE64\TRYMODULE.PDB
C:\Users\User\Desktop\DemoModule\Release64\TryModule.write.1.tlog
C:\USERS\USER\DESKTOP\DEMOMODULE\RELEASE64\VC100.PDB
Release64\TryModule.pdb
